<?xml version="1.0" encoding="UTF-8"?>
<testng-results skipped="0" failed="1" ignored="0" total="4" passed="3">
  <reporter-output>
  </reporter-output>
  <suite name="Suite" duration-ms="98544" started-at="2018-12-23T14:22:44Z" finished-at="2018-12-23T14:24:22Z">
    <groups>
    </groups>
    <test name="Test" duration-ms="98544" started-at="2018-12-23T14:22:44Z" finished-at="2018-12-23T14:24:22Z">
      <class name="com.wmAutomationArti.testCases.launchLoginPageTestCases">
        <test-method status="PASS" signature="Setup()[pri:0, instance:com.wmAutomationArti.testCases.launchLoginPageTestCases@6ebc05a6]" name="Setup" is-config="true" duration-ms="9559" started-at="2018-12-23T14:23:57Z" finished-at="2018-12-23T14:24:07Z">
          <reporter-output>
          </reporter-output>
        </test-method> <!-- Setup -->
        <test-method status="PASS" signature="launchPageVerifyAllElementsTest()[pri:1, instance:com.wmAutomationArti.testCases.launchLoginPageTestCases@6ebc05a6]" name="launchPageVerifyAllElementsTest" duration-ms="3150" started-at="2018-12-23T14:24:07Z" finished-at="2018-12-23T14:24:10Z">
          <reporter-output>
          </reporter-output>
        </test-method> <!-- launchPageVerifyAllElementsTest -->
        <test-method status="PASS" signature="tearDown()[pri:0, instance:com.wmAutomationArti.testCases.launchLoginPageTestCases@6ebc05a6]" name="tearDown" is-config="true" duration-ms="764" started-at="2018-12-23T14:24:10Z" finished-at="2018-12-23T14:24:10Z">
          <reporter-output>
          </reporter-output>
        </test-method> <!-- tearDown -->
        <test-method status="PASS" signature="Setup()[pri:0, instance:com.wmAutomationArti.testCases.launchLoginPageTestCases@6ebc05a6]" name="Setup" is-config="true" duration-ms="10206" started-at="2018-12-23T14:24:10Z" finished-at="2018-12-23T14:24:21Z">
          <reporter-output>
          </reporter-output>
        </test-method> <!-- Setup -->
        <test-method status="PASS" signature="loginWMTest()[pri:6, instance:com.wmAutomationArti.testCases.launchLoginPageTestCases@6ebc05a6]" name="loginWMTest" duration-ms="756" started-at="2018-12-23T14:24:21Z" finished-at="2018-12-23T14:24:21Z">
          <reporter-output>
          </reporter-output>
        </test-method> <!-- loginWMTest -->
        <test-method status="PASS" signature="tearDown()[pri:0, instance:com.wmAutomationArti.testCases.launchLoginPageTestCases@6ebc05a6]" name="tearDown" is-config="true" duration-ms="789" started-at="2018-12-23T14:24:21Z" finished-at="2018-12-23T14:24:22Z">
          <reporter-output>
          </reporter-output>
        </test-method> <!-- tearDown -->
      </class> <!-- com.wmAutomationArti.testCases.launchLoginPageTestCases -->
      <class name="com.wmAutomationArti.testCases.WhitelabelManageRolesTestCases">
        <test-method status="PASS" signature="setup()[pri:0, instance:com.wmAutomationArti.testCases.WhitelabelManageRolesTestCases@6e6c3152]" name="setup" is-config="true" duration-ms="26724" started-at="2018-12-23T14:23:28Z" finished-at="2018-12-23T14:23:55Z">
          <reporter-output>
          </reporter-output>
        </test-method> <!-- setup -->
        <test-method status="PASS" signature="ValiddateManageRolesPageUIElements()[pri:0, instance:com.wmAutomationArti.testCases.WhitelabelManageRolesTestCases@6e6c3152]" name="ValiddateManageRolesPageUIElements" duration-ms="2214" started-at="2018-12-23T14:23:55Z" finished-at="2018-12-23T14:23:57Z">
          <reporter-output>
          </reporter-output>
        </test-method> <!-- ValiddateManageRolesPageUIElements -->
      </class> <!-- com.wmAutomationArti.testCases.WhitelabelManageRolesTestCases -->
      <class name="com.wmAutomationArti.testCases.HomeDashboardPageTestCases">
        <test-method status="PASS" signature="setUp()[pri:0, instance:com.wmAutomationArti.testCases.HomeDashboardPageTestCases@1dfe2924]" name="setUp" is-config="true" duration-ms="14605" started-at="2018-12-23T14:22:44Z" finished-at="2018-12-23T14:22:58Z">
          <reporter-output>
          </reporter-output>
        </test-method> <!-- setUp -->
        <test-method status="FAIL" signature="validateMT4UsersTileCountTest()[pri:0, instance:com.wmAutomationArti.testCases.HomeDashboardPageTestCases@1dfe2924]" name="validateMT4UsersTileCountTest" duration-ms="28983" started-at="2018-12-23T14:22:58Z" finished-at="2018-12-23T14:23:27Z">
          <exception class="java.lang.AssertionError">
            <message>
              <![CDATA[The following asserts failed:
MT4UsersCount count not matching expected [46718] but found [46750]]]>
            </message>
            <full-stacktrace>
              <![CDATA[java.lang.AssertionError: The following asserts failed:
MT4UsersCount count not matching expected [46718] but found [46750]
at org.testng.asserts.SoftAssert.assertAll(SoftAssert.java:43)
at com.wmAutomationArti.pages.HomeDashboardPage.verifyDashboardTileLabelCountAndValue(HomeDashboardPage.java:401)
at com.wmAutomationArti.testCases.HomeDashboardPageTestCases.validateMT4UsersTileCountTest(HomeDashboardPageTestCases.java:31)
at sun.reflect.NativeMethodAccessorImpl.invoke0(Native Method)
at sun.reflect.NativeMethodAccessorImpl.invoke(Unknown Source)
at sun.reflect.DelegatingMethodAccessorImpl.invoke(Unknown Source)
at java.lang.reflect.Method.invoke(Unknown Source)
at org.testng.internal.MethodInvocationHelper.invokeMethod(MethodInvocationHelper.java:124)
at org.testng.internal.Invoker.invokeMethod(Invoker.java:580)
at org.testng.internal.Invoker.invokeTestMethod(Invoker.java:716)
at org.testng.internal.Invoker.invokeTestMethods(Invoker.java:988)
at org.testng.internal.TestMethodWorker.invokeTestMethods(TestMethodWorker.java:125)
at org.testng.internal.TestMethodWorker.run(TestMethodWorker.java:109)
at org.testng.TestRunner.privateRun(TestRunner.java:648)
at org.testng.TestRunner.run(TestRunner.java:505)
at org.testng.SuiteRunner.runTest(SuiteRunner.java:455)
at org.testng.SuiteRunner.runSequentially(SuiteRunner.java:450)
at org.testng.SuiteRunner.privateRun(SuiteRunner.java:415)
at org.testng.SuiteRunner.run(SuiteRunner.java:364)
at org.testng.SuiteRunnerWorker.runSuite(SuiteRunnerWorker.java:52)
at org.testng.SuiteRunnerWorker.run(SuiteRunnerWorker.java:84)
at org.testng.TestNG.runSuitesSequentially(TestNG.java:1208)
at org.testng.TestNG.runSuitesLocally(TestNG.java:1137)
at org.testng.TestNG.runSuites(TestNG.java:1049)
at org.testng.TestNG.run(TestNG.java:1017)
at org.testng.remote.AbstractRemoteTestNG.run(AbstractRemoteTestNG.java:114)
at org.testng.remote.RemoteTestNG.initAndRun(RemoteTestNG.java:251)
at org.testng.remote.RemoteTestNG.main(RemoteTestNG.java:77)
]]>
            </full-stacktrace>
          </exception> <!-- java.lang.AssertionError -->
          <reporter-output>
          </reporter-output>
        </test-method> <!-- validateMT4UsersTileCountTest -->
        <test-method status="PASS" signature="tearDown()[pri:0, instance:com.wmAutomationArti.testCases.HomeDashboardPageTestCases@1dfe2924]" name="tearDown" is-config="true" duration-ms="750" started-at="2018-12-23T14:23:27Z" finished-at="2018-12-23T14:23:28Z">
          <reporter-output>
          </reporter-output>
        </test-method> <!-- tearDown -->
      </class> <!-- com.wmAutomationArti.testCases.HomeDashboardPageTestCases -->
    </test> <!-- Test -->
  </suite> <!-- Suite -->
</testng-results>
